<?xml version="1.0" encoding="UTF-8"?>
<coverage generated="1774394139594" clover="3.2.0">
  <project timestamp="1774394139594" name="All files">
    <metrics statements="7" coveredstatements="5" conditionals="4" coveredconditionals="4" methods="4" coveredmethods="2" elements="15" coveredelements="11" complexity="0" loc="7" ncloc="7" packages="1" files="1" classes="1"/>
    <file name="Produto.ts" path="C:\workspaces\tads\filmes_2026\src\models\Produto.ts">
      <metrics statements="7" coveredstatements="5" conditionals="4" coveredconditionals="4" methods="4" coveredmethods="2"/>
      <line num="1" count="1" type="stmt"/>
      <line num="2" count="3" type="stmt"/>
      <line num="6" count="4" type="cond" truecount="4" falsecount="0"/>
      <line num="7" count="2" type="stmt"/>
      <line num="10" count="2" type="stmt"/>
      <line num="14" count="0" type="stmt"/>
      <line num="18" count="0" type="stmt"/>
    </file>
  </project>
</coverage>
