{"C:\\workspaces\\tads\\filmes_2026\\src\\models\\Produto.ts": {"path":"C:\\workspaces\\tads\\filmes_2026\\src\\models\\Produto.ts","statementMap":{"0":{"start":{"line":2,"column":24},"end":{"line":2,"column":36}},"1":{"start":{"line":2,"column":46},"end":{"line":2,"column":59}},"2":{"start":{"line":6,"column":8},"end":{"line":8,"column":9}},"3":{"start":{"line":7,"column":12},"end":{"line":7,"column":80}},"4":{"start":{"line":10,"column":8},"end":{"line":10,"column":62}},"5":{"start":{"line":14,"column":8},"end":{"line":14,"column":25}},"6":{"start":{"line":18,"column":8},"end":{"line":18,"column":26}},"7":{"start":{"line":1,"column":0},"end":{"line":1,"column":13}}},"fnMap":{"0":{"name":"(anonymous_0)","decl":{"start":{"line":2,"column":4},"end":{"line":2,"column":24}},"loc":{"start":{"line":2,"column":59},"end":{"line":3,"column":5}}},"1":{"name":"(anonymous_1)","decl":{"start":{"line":5,"column":11},"end":{"line":5,"column":27}},"loc":{"start":{"line":5,"column":46},"end":{"line":11,"column":5}}},"2":{"name":"(anonymous_2)","decl":{"start":{"line":13,"column":11},"end":{"line":13,"column":18}},"loc":{"start":{"line":13,"column":18},"end":{"line":15,"column":5}}},"3":{"name":"(anonymous_3)","decl":{"start":{"line":17,"column":11},"end":{"line":17,"column":19}},"loc":{"start":{"line":17,"column":19},"end":{"line":19,"column":5}}}},"branchMap":{"0":{"loc":{"start":{"line":6,"column":8},"end":{"line":8,"column":9}},"type":"if","locations":[{"start":{"line":6,"column":8},"end":{"line":8,"column":9}},{"start":{},"end":{}}]},"1":{"loc":{"start":{"line":6,"column":12},"end":{"line":6,"column":46}},"type":"binary-expr","locations":[{"start":{"line":6,"column":12},"end":{"line":6,"column":26}},{"start":{"line":6,"column":30},"end":{"line":6,"column":46}}]}},"s":{"0":3,"1":3,"2":4,"3":2,"4":2,"5":0,"6":0,"7":1},"f":{"0":3,"1":4,"2":0,"3":0},"b":{"0":[2,2],"1":[4,3]}}
}
